Arguments: 
  C:\Program Files\nodejs\node.exe C:\Program Files (x86)\Yarn\bin\yarn.js dev

PATH: 
  ;C:\WINDOWS\system32;C:\WINDOWS;C:\WINDOWS\System32\Wbem;C:\WINDOWS\System32\WindowsPowerShell\v1.0\;C:\WINDOWS\System32\OpenSSH\;C:\Program Files\PuTTY\;C:\Program Files\Zulu\zulu-8\bin\;C:\Program Files\Gradle\gradle-6.6\bin;C:\xampp\php;C:\ProgramData\ComposerSetup\bin;C:\Program Files\nodejs\;C:\MinGW\bin;C:\ProgramData\chocolatey\bin;C:\flutter\bin;C:\Program Files (x86)\Yarn\bin\;C:\Program Files\Docker\Docker\resources\bin;D:\ITB\Kuliah Semester 2\IF 5220 - Kualitas SW dan Verifikasi Formal\Tugas\tugas SQ tool\sonar-scanner-cli-4.8.0.2856-windows\sonar-scanner-4.8.0.2856-windows\bin;C:\Program Files\Git\cmd;C:\Users\focta\anaconda3;C:\Users\focta\anaconda3\Library\mingw-w64\bin;C:\Users\focta\anaconda3\Library\usr\bin;C:\Users\focta\anaconda3\Library\bin;C:\Users\focta\anaconda3\Scripts;C:\Users\focta\AppData\Local\Microsoft\WindowsApps;C:\Users\focta\AppData\Local\Programs\Microsoft VS Code\bin;C:\Users\focta\AppData\Roaming\Composer\vendor\bin;C:\Users\focta\AppData\Roaming\npm;C:\tools\dart-sdk\bin;C:\Users\focta\AppData\Roaming\Pub\Cache\bin;C:\Users\focta\AppData\Local\GitHubDesktop\bin;C:\Users\focta\AppData\Local\Yarn\bin;C:\Users\focta\anaconda3\Lib;C:\Users\focta\anaconda3\Lib\site-packages

Yarn version: 
  1.22.19

Node version: 
  16.15.1

Platform: 
  win32 x64

Trace: 
  SyntaxError: D:\ITB\Kuliah Semester 2\IF 5221 - Inovasi Perangkat Lunak\source-code\e-wasiat\package.json: Unexpected token < in JSON at position 225
      at JSON.parse (<anonymous>)
      at C:\Program Files (x86)\Yarn\lib\cli.js:1629:59
      at Generator.next (<anonymous>)
      at step (C:\Program Files (x86)\Yarn\lib\cli.js:310:30)
      at C:\Program Files (x86)\Yarn\lib\cli.js:321:13

npm manifest: 
  {
    "name": "e-wasiat_frontend",
    "version": "0.1.0",
    "private": true,
    "dependencies": {
      "@testing-library/jest-dom": "^5.16.5",
      "@testing-library/react": "^13.4.0",
      "@testing-library/user-event": "^13.5.0",
  <<<<<<< HEAD:wasiatku-app/package.json
      "bootstrap": "^5.2.3",
  =======
      "bootstrap": "^5.3.0-alpha3",
  >>>>>>> ca9f2279804d2c2c1748fce1101dcb8fff54e6d2:package.json
      "bootstrap-icons": "^1.10.3",
      "react": "^18.2.0",
      "react-bootstrap": "^2.7.2",
      "react-dom": "^18.2.0",
  <<<<<<< HEAD:wasiatku-app/package.json
      "react-scripts": "^5.0.1",
  =======
      "react-router-dom": "^6.10.0",
      "react-scripts": "5.0.1",
  >>>>>>> ca9f2279804d2c2c1748fce1101dcb8fff54e6d2:package.json
      "web-vitals": "^2.1.4"
    },
    "scripts": {
      "start": "react-scripts start",
      "build": "react-scripts build",
      "test": "react-scripts test",
      "eject": "react-scripts eject"
    },
    "eslintConfig": {
      "extends": [
        "react-app",
        "react-app/jest"
      ]
    },
    "browserslist": {
      "production": [
        ">0.2%",
        "not dead",
        "not op_mini all"
      ],
      "development": [
        "last 1 chrome version",
        "last 1 firefox version",
        "last 1 safari version"
      ]
    }
  }

yarn manifest: 
  No manifest

Lockfile: 
  No lockfile
